2020/04/17-11:28 [main] ERROR org.springframework.boot.SpringApplication- Application run failed
org.springframework.boot.context.properties.bind.BindException: Failed to bind properties under 'logging.level' to java.util.Map<java.lang.String, org.springframework.boot.logging.LogLevel>
	at org.springframework.boot.context.properties.bind.Binder.handleBindError(Binder.java:364)
	at org.springframework.boot.context.properties.bind.Binder.bind(Binder.java:324)
	at org.springframework.boot.context.properties.bind.Binder.bind(Binder.java:308)
	at org.springframework.boot.context.properties.bind.Binder.bind(Binder.java:238)
	at org.springframework.boot.context.properties.bind.Binder.bind(Binder.java:212)
	at org.springframework.boot.context.logging.LoggingApplicationListener.setLogLevels(LoggingApplicationListener.java:398)
	at org.springframework.boot.context.logging.LoggingApplicationListener.initializeFinalLoggingLevels(LoggingApplicationListener.java:338)
	at org.springframework.boot.context.logging.LoggingApplicationListener.initialize(LoggingApplicationListener.java:289)
	at org.springframework.boot.context.logging.LoggingApplicationListener.onApplicationEnvironmentPreparedEvent(LoggingApplicationListener.java:246)
	at org.springframework.boot.context.logging.LoggingApplicationListener.onApplicationEvent(LoggingApplicationListener.java:223)
	at org.springframework.context.event.SimpleApplicationEventMulticaster.doInvokeListener(SimpleApplicationEventMulticaster.java:172)
	at org.springframework.context.event.SimpleApplicationEventMulticaster.invokeListener(SimpleApplicationEventMulticaster.java:165)
	at org.springframework.context.event.SimpleApplicationEventMulticaster.multicastEvent(SimpleApplicationEventMulticaster.java:139)
	at org.springframework.context.event.SimpleApplicationEventMulticaster.multicastEvent(SimpleApplicationEventMulticaster.java:127)
	at org.springframework.boot.context.event.EventPublishingRunListener.environmentPrepared(EventPublishingRunListener.java:76)
	at org.springframework.boot.SpringApplicationRunListeners.environmentPrepared(SpringApplicationRunListeners.java:53)
	at org.springframework.boot.SpringApplication.prepareEnvironment(SpringApplication.java:345)
	at org.springframework.boot.SpringApplication.run(SpringApplication.java:308)
	at org.springframework.boot.SpringApplication.run(SpringApplication.java:1226)
	at org.springframework.boot.SpringApplication.run(SpringApplication.java:1215)
	at com.lgz.tutorjava.TutorjavaApplication.main(TutorjavaApplication.java:12)
Caused by: org.springframework.core.convert.ConverterNotFoundException: No converter found capable of converting from type [java.lang.String] to type [java.util.Map<java.lang.String, org.springframework.boot.logging.LogLevel>]
	at org.springframework.core.convert.support.GenericConversionService.handleConverterNotFound(GenericConversionService.java:321)
	at org.springframework.core.convert.support.GenericConversionService.convert(GenericConversionService.java:194)
	at org.springframework.boot.context.properties.bind.BindConverter$CompositeConversionService.convert(BindConverter.java:170)
	at org.springframework.boot.context.properties.bind.BindConverter.convert(BindConverter.java:96)
	at org.springframework.boot.context.properties.bind.BindConverter.convert(BindConverter.java:88)
	at org.springframework.boot.context.properties.bind.MapBinder.bindAggregate(MapBinder.java:64)
	at org.springframework.boot.context.properties.bind.AggregateBinder.bind(AggregateBinder.java:56)
	at org.springframework.boot.context.properties.bind.Binder.lambda$bindAggregate$3(Binder.java:415)
	at org.springframework.boot.context.properties.bind.Binder$$Lambda$64/10211254.get(Unknown Source)
	at org.springframework.boot.context.properties.bind.Binder$Context.withIncreasedDepth(Binder.java:572)
	at org.springframework.boot.context.properties.bind.Binder$Context.access$100(Binder.java:513)
	at org.springframework.boot.context.properties.bind.Binder.bindAggregate(Binder.java:415)
	at org.springframework.boot.context.properties.bind.Binder.bindObject(Binder.java:376)
	at org.springframework.boot.context.properties.bind.Binder.bind(Binder.java:320)
	... 19 common frames omitted
2020/04/17-11:32 [main] INFO  com.lgz.tutorjava.TutorjavaApplication- Starting TutorjavaApplication on WIN-01802231417 with PID 6980 (F:\tutorwebsite\tutorjava\target\classes started by Administrator in F:\tutorwebsite\tutorjava)
2020/04/17-11:32 [main] INFO  com.lgz.tutorjava.TutorjavaApplication- The following profiles are active: dev
2020/04/17-11:32 [main] INFO  org.springframework.boot.web.embedded.tomcat.TomcatWebServer- Tomcat initialized with port(s): 8888 (http)
2020/04/17-11:32 [main] INFO  org.apache.catalina.core.StandardService- Starting service [Tomcat]
2020/04/17-11:32 [main] INFO  org.apache.catalina.core.StandardEngine- Starting Servlet engine: [Apache Tomcat/9.0.33]
2020/04/17-11:32 [main] INFO  org.apache.catalina.core.ContainerBase.[Tomcat].[localhost].[/]- Initializing Spring embedded WebApplicationContext
2020/04/17-11:32 [main] INFO  org.springframework.web.context.ContextLoader- Root WebApplicationContext: initialization completed in 6140 ms
2020/04/17-11:32 [main] INFO  org.springframework.scheduling.concurrent.ThreadPoolTaskExecutor- Initializing ExecutorService 'applicationTaskExecutor'
2020/04/17-11:32 [main] WARN  org.springframework.boot.autoconfigure.thymeleaf.ThymeleafAutoConfiguration$DefaultTemplateResolverConfiguration- Cannot find template location: classpath:/templates/ (please add some templates or check your Thymeleaf configuration)
2020/04/17-11:32 [main] INFO  org.springframework.boot.web.embedded.tomcat.TomcatWebServer- Tomcat started on port(s): 8888 (http) with context path ''
2020/04/17-11:32 [main] INFO  com.lgz.tutorjava.TutorjavaApplication- Started TutorjavaApplication in 11.012 seconds (JVM running for 14.069)
2020/04/17-11:32 [http-nio-8888-exec-1] INFO  org.apache.catalina.core.ContainerBase.[Tomcat].[localhost].[/]- Initializing Spring DispatcherServlet 'dispatcherServlet'
2020/04/17-11:32 [http-nio-8888-exec-1] INFO  org.springframework.web.servlet.DispatcherServlet- Initializing Servlet 'dispatcherServlet'
2020/04/17-11:32 [http-nio-8888-exec-1] INFO  org.springframework.web.servlet.DispatcherServlet- Completed initialization in 87 ms
2020/04/17-11:32 [http-nio-8888-exec-1] INFO  com.lgz.tutorjava.service.impl.StudentServiceImpl- 查询学生列表成功
2020/04/17-11:32 [http-nio-8888-exec-1] INFO  com.zaxxer.hikari.HikariDataSource- jiajiao - Starting...
2020/04/17-11:32 [http-nio-8888-exec-1] INFO  com.zaxxer.hikari.HikariDataSource- jiajiao - Start completed.
2020/04/17-11:32 [http-nio-8888-exec-1] INFO  com.lgz.tutorjava.controller.StudentController- 获取学生列表成功
2020/04/17-11:33 [SpringContextShutdownHook] INFO  org.springframework.scheduling.concurrent.ThreadPoolTaskExecutor- Shutting down ExecutorService 'applicationTaskExecutor'
2020/04/17-11:33 [SpringContextShutdownHook] INFO  com.zaxxer.hikari.HikariDataSource- jiajiao - Shutdown initiated...
2020/04/17-11:33 [SpringContextShutdownHook] INFO  com.zaxxer.hikari.HikariDataSource- jiajiao - Shutdown completed.
2020/04/17-11:47 [main] INFO  com.lgz.tutorjava.TutorjavaApplication- Starting TutorjavaApplication on WIN-01802231417 with PID 7796 (F:\tutorwebsite\tutorjava\target\classes started by Administrator in F:\tutorwebsite\tutorjava)
2020/04/17-11:47 [main] INFO  com.lgz.tutorjava.TutorjavaApplication- The following profiles are active: dev
2020/04/17-11:47 [main] INFO  org.springframework.boot.web.embedded.tomcat.TomcatWebServer- Tomcat initialized with port(s): 8888 (http)
2020/04/17-11:47 [main] INFO  org.apache.catalina.core.StandardService- Starting service [Tomcat]
2020/04/17-11:47 [main] INFO  org.apache.catalina.core.StandardEngine- Starting Servlet engine: [Apache Tomcat/9.0.33]
2020/04/17-11:47 [main] INFO  org.apache.catalina.core.ContainerBase.[Tomcat].[localhost].[/]- Initializing Spring embedded WebApplicationContext
2020/04/17-11:47 [main] INFO  org.springframework.web.context.ContextLoader- Root WebApplicationContext: initialization completed in 4689 ms
2020/04/17-11:47 [main] INFO  org.springframework.scheduling.concurrent.ThreadPoolTaskExecutor- Initializing ExecutorService 'applicationTaskExecutor'
2020/04/17-11:47 [main] WARN  org.springframework.boot.autoconfigure.thymeleaf.ThymeleafAutoConfiguration$DefaultTemplateResolverConfiguration- Cannot find template location: classpath:/templates/ (please add some templates or check your Thymeleaf configuration)
2020/04/17-11:47 [main] INFO  org.springframework.boot.web.embedded.tomcat.TomcatWebServer- Tomcat started on port(s): 8888 (http) with context path ''
2020/04/17-11:47 [main] INFO  com.lgz.tutorjava.TutorjavaApplication- Started TutorjavaApplication in 9.941 seconds (JVM running for 14.496)
2020/04/17-11:47 [http-nio-8888-exec-1] INFO  org.apache.catalina.core.ContainerBase.[Tomcat].[localhost].[/]- Initializing Spring DispatcherServlet 'dispatcherServlet'
2020/04/17-11:47 [http-nio-8888-exec-1] INFO  org.springframework.web.servlet.DispatcherServlet- Initializing Servlet 'dispatcherServlet'
2020/04/17-11:47 [http-nio-8888-exec-1] INFO  org.springframework.web.servlet.DispatcherServlet- Completed initialization in 35 ms
2020/04/17-11:47 [http-nio-8888-exec-1] INFO  com.lgz.tutorjava.service.impl.StudentServiceImpl- 查询学生列表成功
2020/04/17-11:47 [http-nio-8888-exec-1] INFO  com.zaxxer.hikari.HikariDataSource- jiajiao - Starting...
2020/04/17-11:47 [http-nio-8888-exec-1] INFO  com.zaxxer.hikari.HikariDataSource- jiajiao - Start completed.
2020/04/17-11:47 [http-nio-8888-exec-1] INFO  com.lgz.tutorjava.controller.StudentController- 获取学生列表成功
2020/04/17-11:48 [SpringContextShutdownHook] INFO  org.springframework.scheduling.concurrent.ThreadPoolTaskExecutor- Shutting down ExecutorService 'applicationTaskExecutor'
2020/04/17-11:48 [SpringContextShutdownHook] INFO  com.zaxxer.hikari.HikariDataSource- jiajiao - Shutdown initiated...
2020/04/17-11:48 [SpringContextShutdownHook] INFO  com.zaxxer.hikari.HikariDataSource- jiajiao - Shutdown completed.
